26th October , 2025 Time table

Task number     Task Name                           Status
    1           35 x 2 minutes Jest Tutorial
    2           Go for a walk
    3           Exercise
    4           Chess Tutorial
    5           35 x 2 jest tutorial
    6           35 x 2 Javascript revision
    7           BEDR Professional review
    8


27th October , 2025 Time table

Task number     Task Name                           Status
    1           35 x 2 minutes Jest Tutorial
    2           Go for a walk
    3           Exercise
    4           Chess Tutorial
    5           35 x 2 jest tutorial
    6           35 x 2 Javascript revision
    7           BEDR Professional review
    8